COMMA ',' line 2 column 1
DOT '.' line 2 column 3
PLUS '+' line 4 column 2
MINUS '-' line 4 column 4
MULTIPLY '*' line 4 column 6
DIVIDE '/' line 4 column 8
MODULO '%' line 4 column 11
LBRACE '{' line 6 column 1
RBRACE '}' line 6 column 2
LPAREN '(' line 6 column 4
RPAREN ')' line 6 column 6
EQUAL '==' line 8 column 1
GREATER_THAN '>' line 8 column 4
GREATER_THAN_EQUAL '>=' line 8 column 6
LESS_THAN '<' line 8 column 9
LESS_THAN_EQUAL '<=' line 8 column 11
NOT_EQUAL '!=' line 8 column 14
AND 'and' line 10 column 1
OR 'or' line 10 column 5
NOT 'not' line 10 column 8
NEG 'neg' line 10 column 12
ASSIGN '=' line 12 column 3
INT_VAL '42' line 14 column 1
DOUBLE_VAL '3.14159' line 14 column 4
CHAR_VAL 'a' line 14 column 12
STRING_VAL '' line 16 column 1
STRING_VAL 'hello world!' line 16 column 5
BOOL_VAL 'true' line 16 column 20
BOOL_VAL 'false' line 16 column 25
INT_TYPE 'int' line 18 column 1
BOOL_TYPE 'bool' line 18 column 5
DOUBLE_TYPE 'double' line 18 column 11
CHAR_TYPE 'char' line 18 column 18
STRING_TYPE 'string' line 18 column 24
VOID_TYPE 'void' line 18 column 31
VAR 'var' line 20 column 1
TYPE 'type' line 20 column 5
WHILE 'while' line 20 column 10
FOR 'for' line 20 column 16
FROM 'from' line 20 column 20
UPTO 'upto' line 20 column 25
DOWNTO 'downto' line 20 column 30
IF 'if' line 22 column 2
ELSE 'else' line 22 column 5
ELIF 'elif' line 22 column 10
FUN 'fun' line 24 column 1
NEW 'new' line 24 column 6
DELETE 'delete' line 24 column 11
RETURN 'return' line 24 column 19
NIL 'nil' line 24 column 27
ID 'x' line 26 column 1
ID 'xs' line 26 column 3
ID 'ys' line 26 column 6
ID 'foo' line 26 column 9
ID 'bar' line 26 column 13
ID 'foobarbaz' line 26 column 17
ID 'x' line 28 column 1
ASSIGN '=' line 28 column 2
ID 'y' line 28 column 3
GREATER_THAN '>' line 28 column 4
ID 'z' line 28 column 5
LESS_THAN_EQUAL '<=' line 28 column 6
ID 'u' line 28 column 8
LPAREN '(' line 28 column 9
RPAREN ')' line 28 column 10
DOT '.' line 28 column 11
ID 'v' line 28 column 12
